2026-07-10 12:05:21 | INFO     | src.utils.logger:setup_logger:41 - Logger configured successfully
2026-07-10 12:05:21 | INFO     | __main__:main:203 - 🚀 Starting Fanou3 Bot...
2026-07-10 12:05:23 | INFO     | __main__:main:207 - Bot configured. Starting polling...
2026-07-10 12:05:46 | INFO     | src.utils.logger:setup_logger:41 - Logger configured successfully
2026-07-10 12:05:46 | INFO     | __main__:main:203 - 🚀 Starting Fanou3 Bot...
2026-07-10 12:05:47 | INFO     | __main__:main:207 - Bot configured. Starting polling...
2026-07-10 12:06:06 | INFO     | src.utils.logger:setup_logger:41 - Logger configured successfully
2026-07-10 12:06:06 | INFO     | __main__:main:203 - 🚀 Starting Fanou3 Bot...
2026-07-10 12:06:07 | INFO     | __main__:main:207 - Bot configured. Starting polling...
2026-07-10 12:07:21 | INFO     | src.utils.logger:setup_logger:41 - Logger configured successfully
2026-07-10 12:07:21 | INFO     | __main__:main:202 - 🚀 Starting Fanou3 Bot...
2026-07-10 12:07:23 | INFO     | __main__:main:206 - Bot configured. Starting polling...
2026-07-10 12:08:20 | INFO     | src.utils.logger:setup_logger:41 - Logger configured successfully
2026-07-10 12:08:20 | INFO     | __main__:main:203 - 🚀 Starting Fanou3 Bot...
2026-07-10 12:08:22 | INFO     | __main__:main:213 - Bot is running. Press Ctrl+C to stop.
2026-07-10 12:10:27 | INFO     | __main__:main:221 - Shutting down...
2026-07-10 12:12:26 | INFO     | src.utils.logger:setup_logger:41 - Logger configured successfully
2026-07-10 12:12:26 | INFO     | __main__:main:203 - 🚀 Starting Fanou3 Bot...
2026-07-10 12:12:28 | INFO     | __main__:main:213 - Bot is running. Press Ctrl+C to stop.
2026-07-10 12:12:41 | INFO     | __main__:main:221 - Shutting down...
2026-07-10 12:14:08 | INFO     | src.utils.logger:setup_logger:41 - Logger configured successfully
2026-07-10 12:14:08 | INFO     | __main__:main:203 - 🚀 Starting Fanou3 Bot...
2026-07-10 12:14:10 | INFO     | __main__:main:213 - Bot is running. Press Ctrl+C to stop.
2026-07-10 12:15:06 | INFO     | __main__:main:221 - Shutting down...
